<?xml version="1.0" encoding="UTF-8"?>
<testng-results ignored="0" total="1" passed="1" failed="0" skipped="0">
  <reporter-output>
  </reporter-output>
  <suite started-at="2025-05-31T21:49:06 ICT" name="Surefire suite" finished-at="2025-05-31T21:49:10 ICT" duration-ms="3897">
    <groups>
    </groups>
    <test started-at="2025-05-31T21:49:06 ICT" name="Surefire test" finished-at="2025-05-31T21:49:10 ICT" duration-ms="3897">
      <class name="com.example.SeleniumTest">
        <test-method is-config="true" signature="setup()[pri:0, instance:com.example.SeleniumTest@4445629]" started-at="2025-05-31T21:49:06 ICT" name="setup" finished-at="2025-05-31T21:49:09 ICT" duration-ms="2341" status="PASS">
          <reporter-output>
          </reporter-output>
        </test-method> <!-- setup -->
        <test-method signature="testGoogleSearch()[pri:0, instance:com.example.SeleniumTest@4445629]" started-at="2025-05-31T21:49:09 ICT" name="testGoogleSearch" finished-at="2025-05-31T21:49:10 ICT" duration-ms="1244" status="PASS">
          <reporter-output>
          </reporter-output>
        </test-method> <!-- testGoogleSearch -->
        <test-method is-config="true" signature="teardown()[pri:0, instance:com.example.SeleniumTest@4445629]" started-at="2025-05-31T21:49:10 ICT" name="teardown" finished-at="2025-05-31T21:49:10 ICT" duration-ms="256" status="PASS">
          <reporter-output>
          </reporter-output>
        </test-method> <!-- teardown -->
      </class> <!-- com.example.SeleniumTest -->
    </test> <!-- Surefire test -->
  </suite> <!-- Surefire suite -->
</testng-results>
