<?xml version="1.0" encoding="UTF-8"?>
<testng-results ignored="0" total="1" passed="1" failed="0" skipped="0">
  <reporter-output>
  </reporter-output>
  <suite started-at="2025-05-31T13:08:42 GMT+07:00" name="Surefire suite" finished-at="2025-05-31T13:08:45 GMT+07:00" duration-ms="3930">
    <groups>
    </groups>
    <test started-at="2025-05-31T13:08:42 GMT+07:00" name="Surefire test" finished-at="2025-05-31T13:08:45 GMT+07:00" duration-ms="3930">
      <class name="com.example.SeleniumTest">
        <test-method is-config="true" signature="setup()[pri:0, instance:com.example.SeleniumTest@7ee955a8]" started-at="2025-05-31T13:08:42 GMT+07:00" name="setup" finished-at="2025-05-31T13:08:44 GMT+07:00" duration-ms="2297" status="PASS">
          <reporter-output>
          </reporter-output>
        </test-method> <!-- setup -->
        <test-method signature="testGoogleSearch()[pri:0, instance:com.example.SeleniumTest@7ee955a8]" started-at="2025-05-31T13:08:44 GMT+07:00" name="testGoogleSearch" finished-at="2025-05-31T13:08:45 GMT+07:00" duration-ms="1298" status="PASS">
          <reporter-output>
          </reporter-output>
        </test-method> <!-- testGoogleSearch -->
        <test-method is-config="true" signature="teardown()[pri:0, instance:com.example.SeleniumTest@7ee955a8]" started-at="2025-05-31T13:08:45 GMT+07:00" name="teardown" finished-at="2025-05-31T13:08:45 GMT+07:00" duration-ms="289" status="PASS">
          <reporter-output>
          </reporter-output>
        </test-method> <!-- teardown -->
      </class> <!-- com.example.SeleniumTest -->
    </test> <!-- Surefire test -->
  </suite> <!-- Surefire suite -->
</testng-results>
